# JRE version: Java(TM) SE Runtime Environment (12.0.1+12) (build 12.0.1+12)
# Java VM: Java HotSpot(TM) 64-Bit Server VM (12.0.1+12, mixed mode, sharing, tiered, compressed oops, g1 gc, bsd-amd64)
Heap:
 garbage-first heap   total 331776K, used 193230K [0x00000007e0000000, 0x0000000800000000)
  region size 1024K, 10 young (10240K), 2 survivors (2048K)
 Metaspace       used 57552K, capacity 59329K, committed 59648K, reserved 307200K
  class space    used 7221K, capacity 7833K, committed 7936K, reserved 253952K
GC Heap History (10 events):
Event: 3911.865 GC heap before
{Heap before GC invocations=103 (full 0):
 garbage-first heap   total 331776K, used 297139K [0x00000007e0000000, 0x0000000800000000)
  region size 1024K, 16 young (16384K), 1 survivors (1024K)
 Metaspace       used 57610K, capacity 59477K, committed 59648K, reserved 307200K
  class space    used 7237K, capacity 7881K, committed 7936K, reserved 253952K
}
Event: 3911.871 GC heap after
{Heap after GC invocations=104 (full 0):
 garbage-first heap   total 331776K, used 282686K [0x00000007e0000000, 0x0000000800000000)
  region size 1024K, 2 young (2048K), 2 survivors (2048K)
 Metaspace       used 57610K, capacity 59477K, committed 59648K, reserved 307200K
  class space    used 7237K, capacity 7881K, committed 7936K, reserved 253952K
}
Event: 3911.923 GC heap before
{Heap before GC invocations=104 (full 0):
 garbage-first heap   total 331776K, used 297022K [0x00000007e0000000, 0x0000000800000000)
  region size 1024K, 16 young (16384K), 2 survivors (2048K)
 Metaspace       used 57610K, capacity 59477K, committed 59648K, reserved 307200K
  class space    used 7237K, capacity 7881K, committed 7936K, reserved 253952K
}
Event: 3911.926 GC heap after
{Heap after GC invocations=105 (full 0):
 garbage-first heap   total 331776K, used 283557K [0x00000007e0000000, 0x0000000800000000)
  region size 1024K, 2 young (2048K), 2 survivors (2048K)
 Metaspace       used 57610K, capacity 59477K, committed 59648K, reserved 307200K
  class space    used 7237K, capacity 7881K, committed 7936K, reserved 253952K
}
Event: 3911.946 GC heap before
{Heap before GC invocations=105 (full 0):
 garbage-first heap   total 331776K, used 297893K [0x00000007e0000000, 0x0000000800000000)
  region size 1024K, 16 young (16384K), 2 survivors (2048K)
 Metaspace       used 57612K, capacity 59477K, committed 59648K, reserved 307200K
  class space    used 7237K, capacity 7881K, committed 7936K, reserved 253952K
}
Event: 3911.949 GC heap after
{Heap after GC invocations=106 (full 0):
 garbage-first heap   total 331776K, used 284039K [0x00000007e0000000, 0x0000000800000000)
  region size 1024K, 2 young (2048K), 2 survivors (2048K)
 Metaspace       used 57612K, capacity 59477K, committed 59648K, reserved 307200K
  class space    used 7237K, capacity 7881K, committed 7936K, reserved 253952K
}
Event: 3911.981 GC heap before
{Heap before GC invocations=106 (full 0):
 garbage-first heap   total 331776K, used 298375K [0x00000007e0000000, 0x0000000800000000)
  region size 1024K, 16 young (16384K), 2 survivors (2048K)
 Metaspace       used 57612K, capacity 59477K, committed 59648K, reserved 307200K
  class space    used 7237K, capacity 7881K, committed 7936K, reserved 253952K
}
Event: 3911.984 GC heap after
{Heap after GC invocations=107 (full 0):
 garbage-first heap   total 331776K, used 284742K [0x00000007e0000000, 0x0000000800000000)
  region size 1024K, 2 young (2048K), 2 survivors (2048K)
 Metaspace       used 57612K, capacity 59477K, committed 59648K, reserved 307200K
  class space    used 7237K, capacity 7881K, committed 7936K, reserved 253952K
}
Event: 3912.109 GC heap before
{Heap before GC invocations=107 (full 0):
 garbage-first heap   total 331776K, used 199750K [0x00000007e0000000, 0x0000000800000000)
  region size 1024K, 16 young (16384K), 2 survivors (2048K)
 Metaspace       used 57552K, capacity 59329K, committed 59648K, reserved 307200K
  class space    used 7221K, capacity 7833K, committed 7936K, reserved 253952K
}
Event: 3912.113 GC heap after
{Heap after GC invocations=108 (full 0):
 garbage-first heap   total 331776K, used 186062K [0x00000007e0000000, 0x0000000800000000)
  region size 1024K, 2 young (2048K), 2 survivors (2048K)
 Metaspace       used 57552K, capacity 59329K, committed 59648K, reserved 307200K
  class space    used 7221K, capacity 7833K, committed 7936K, reserved 253952K
}

